<?xml version="1.0" encoding="UTF-8"?>
<!-- Generated by org.testng.reporters.JUnitReportReporter -->
<testsuite skipped="0" hostname="DESKTOP-MKD9LJ5" name="testOfBOA.ApplyForCreditCard" tests="1" failures="0" timestamp="28 Apr 2018 15:30:01 GMT" time="10.430" errors="0">
  <testcase name="applyForCreditCard" time="10.430" classname="testOfBOA.ApplyForCreditCard"/>
</testsuite> <!-- testOfBOA.ApplyForCreditCard -->
