<?xml version="1.0" encoding="UTF-8"?>
<!-- Generated by org.testng.reporters.JUnitReportReporter -->
<testsuite skipped="0" hostname="DESKTOP-MKD9LJ5" name="testCases.UserAbleToSignInButtonAndValidateErrorMsg" tests="1" failures="0" timestamp="13 May 2018 00:46:07 GMT" time="22.015" errors="0">
  <testcase name="userAbleToSignInButtonAndValidateErrorMsg" time="22.015" classname="testCases.UserAbleToSignInButtonAndValidateErrorMsg"/>
</testsuite> <!-- testCases.UserAbleToSignInButtonAndValidateErrorMsg -->
