<?xml version="1.0" encoding="UTF-8"?>
<!-- Generated by org.testng.reporters.JUnitReportReporter -->
<testsuite skipped="0" hostname="DESKTOP-MKD9LJ5" name="testOfBOA.UserAbleToSignInButtonAndValidateErrorMsg" tests="1" failures="0" timestamp="28 Apr 2018 15:30:01 GMT" time="42.879" errors="0">
  <testcase name="userAbleToSignInButtonAndValidateErrorMsg" time="42.879" classname="testOfBOA.UserAbleToSignInButtonAndValidateErrorMsg"/>
</testsuite> <!-- testOfBOA.UserAbleToSignInButtonAndValidateErrorMsg -->
