<?xml version="1.0" encoding="UTF-8"?>
<!-- Generated by org.testng.reporters.JUnitReportReporter -->
<testsuite skipped="0" hostname="DESKTOP-MKD9LJ5" name="testOfBOA.UserAbleToSignInButton" tests="3" failures="0" timestamp="28 Apr 2018 01:57:46 GMT" time="70.425" errors="0">
  <testcase name="userAbleToSignInButton11" time="26.734" classname="testOfBOA.UserAbleToSignInButton"/>
  <testcase name="userAbleToSignInButton" time="15.949" classname="testOfBOA.UserAbleToSignInButton"/>
  <testcase name="userAbleToSignInButton1" time="27.742" classname="testOfBOA.UserAbleToSignInButton"/>
</testsuite> <!-- testOfBOA.UserAbleToSignInButton -->
