<?xml version="1.0" encoding="UTF-8"?>
<!-- Generated by org.testng.reporters.JUnitReportReporter -->
<testsuite skipped="0" hostname="DESKTOP-MKD9LJ5" name="testOfBOA.ValidateErrorMsg" tests="1" failures="0" timestamp="28 Apr 2018 01:15:39 GMT" time="6.756" errors="0">
  <testcase name="validateErrorMsg11" time="6.756" classname="testOfBOA.ValidateErrorMsg"/>
</testsuite> <!-- testOfBOA.ValidateErrorMsg -->
