<?xml version="1.0" encoding="UTF-8"?>
<!-- Generated by org.testng.reporters.JUnitReportReporter -->
<testsuite skipped="0" hostname="DESKTOP-MKD9LJ5" name="testOfBOA.UseAbleToValidateOpenAnAccountButton" tests="1" failures="0" timestamp="28 Apr 2018 15:30:01 GMT" time="12.102" errors="0">
  <testcase name="useAbleToValidateOpenAnAccountButton" time="12.102" classname="testOfBOA.UseAbleToValidateOpenAnAccountButton"/>
</testsuite> <!-- testOfBOA.UseAbleToValidateOpenAnAccountButton -->
